{
  "RSpec": {
    "coverage": {
      "/Users/student/MAKERS/final_project/VeloCity/app/helpers/api/v1/tokens_helper.rb": [
        1,
        null
      ],
      "/Users/student/MAKERS/final_project/VeloCity/app/helpers/application_helper.rb": [
        1,
        null
      ],
      "/Users/student/MAKERS/final_project/VeloCity/app/helpers/homepage_helper.rb": [
        1,
        null
      ],
      "/Users/student/MAKERS/final_project/VeloCity/app/models/application_record.rb": [
        1,
        1,
        null
      ],
      "/Users/student/MAKERS/final_project/VeloCity/app/models/bike.rb": [
        1,
        1,
        1,
        null
      ],
      "/Users/student/MAKERS/final_project/VeloCity/app/models/component.rb": [
        1,
        1,
        null
      ],
      "/Users/student/MAKERS/final_project/VeloCity/app/models/user.rb": [
        1,
        1,
        1,
        1,
        1,
        1,
        null
      ],
      "/Users/student/MAKERS/final_project/VeloCity/app/controllers/api/v1/bikes_controller.rb": [
        1,
        null,
        null,
        1,
        2,
        2,
        3,
        2,
        null,
        null,
        1,
        null,
        1,
        2,
        2,
        2,
        null,
        null,
        1,
        null
      ],
      "/Users/student/MAKERS/final_project/VeloCity/app/controllers/application_controller.rb": [
        1,
        1,
        1,
        null
      ],
      "/Users/student/MAKERS/final_project/VeloCity/app/controllers/concerns/authenticable.rb": [
        1,
        1,
        0,
        null,
        0,
        0,
        null,
        0,
        null,
        0,
        null,
        null,
        null,
        1,
        null,
        1,
        0,
        null,
        null
      ],
      "/Users/student/MAKERS/final_project/VeloCity/app/controllers/api/v1/components_controller.rb": [
        1,
        1,
        2,
        2,
        null,
        null,
        1,
        0,
        null,
        0,
        0,
        null,
        0,
        null,
        null,
        null,
        null,
        1,
        1,
        1,
        null,
        null,
        1,
        null
      ],
      "/Users/student/MAKERS/final_project/VeloCity/app/controllers/api/v1/users_controller.rb": [
        1,
        null,
        null,
        null,
        1,
        0,
        0,
        null,
        null,
        1,
        0,
        null,
        0,
        0,
        null,
        0,
        null,
        null,
        null,
        1,
        2,
        2,
        null,
        null,
        1,
        0,
        0,
        null,
        0,
        null,
        null,
        null,
        1,
        0,
        0,
        null,
        null,
        1,
        null,
        1,
        0,
        null,
        null,
        1,
        0,
        null,
        null,
        1,
        0,
        null,
        null,
        null
      ],
      "/Users/student/MAKERS/final_project/VeloCity/app/controllers/api/v1/signup_controller.rb": [
        1,
        1,
        1,
        null,
        1,
        0,
        0,
        0,
        0,
        null,
        0,
        0,
        null,
        0,
        null,
        null,
        null,
        1,
        null,
        1,
        0,
        0,
        null,
        null,
        null,
        null
      ],
      "/Users/student/MAKERS/final_project/VeloCity/app/controllers/api/v1/strava_controller.rb": [
        null,
        null,
        1,
        null,
        null,
        1,
        null,
        1,
        null,
        null,
        1,
        null,
        null,
        null,
        1,
        null,
        null,
        1,
        null,
        null,
        null,
        1,
        0,
        0,
        null,
        0,
        0,
        0,
        null,
        null,
        null,
        1,
        0,
        0,
        0,
        0,
        null,
        0,
        0,
        null,
        null,
        null,
        1,
        0,
        0,
        0,
        0,
        0,
        null,
        null,
        0,
        0,
        null,
        null,
        null,
        1,
        null,
        1,
        null,
        0,
        0,
        0,
        0,
        null,
        null,
        null,
        0,
        0,
        0,
        null,
        null,
        null,
        null,
        null,
        1,
        null,
        0,
        0,
        0,
        0,
        0,
        0,
        0,
        0,
        null,
        0,
        0,
        null,
        null,
        null,
        1,
        null,
        0,
        0,
        0,
        0,
        null,
        null,
        null,
        1,
        0,
        0,
        null,
        null,
        null,
        null,
        1,
        0,
        0,
        null,
        0,
        null,
        null
      ],
      "/Users/student/MAKERS/final_project/VeloCity/app/controllers/homepage_controller.rb": [
        1,
        1,
        null
      ],
      "/Users/student/MAKERS/final_project/VeloCity/app/controllers/api/v1/tokens_controller.rb": [
        0,
        0,
        0,
        0,
        0,
        0,
        0,
        0,
        0,
        0,
        0,
        0,
        0,
        0,
        0,
        0,
        null,
        0,
        null,
        0,
        0,
        0,
        0
      ],
      "/Users/student/MAKERS/final_project/VeloCity/lib/json_web_token.rb": [
        0,
        0,
        null,
        0,
        0,
        0,
        0,
        null,
        0,
        0,
        0,
        0,
        0
      ]
    },
    "timestamp": 1572969135
  }
}
